# CHANGELOG

## 2024-02-23, v0.1.19

- add documentation (most of it still in preparation), update doc-comments
- refine duration methods, 'fromTimespanMultiple' and 'toTimespanMultiple'
- add duration example

## 2024-02-16, v0.1.18

- bugfix `epoch` constant
- `UTC` tz struct re-implemented as a constant (was: function)
- remove `naiveFromList` method - datetime instance should be created via `fromFields`
- update readme, add demo (example)

## 2024-02-13, v0.1.17

- revise name and abbreviation of time zones
- update tzdb version to 2024a

## 2024-02-09, v0.1.16

- simplify API for timezone generation
- internal revision which methods should operate on pointers and which on values
- tz abbreviation awailable via formatDatetime method (stringIO module)

## 2024-01-31, v0.1.15

- automatically set time zone database prefix when the library is used by another package
- tz db prefix can also set to a user-specified path via build options
- add local tz method (implemented for linux, windows)

## 2024-01-24, v0.1.14

- add Paul Eggert's tz database as a submodule; TZif files are compiled into ./lib/tzdata/zoneinfo
- tzdata version stored in Timezone.tzdata_version; the constant is updated via the build-script
- tzfiles from the database that is shipped with zdt (eggert/tz) are comptime-loaded by default
- runtime-loading of TZif files now has to be done via a separate function

## 2024-01-19, v0.1.13

- some restructuring where stuff is located in the module's directory, no effect on code itself
- prepare embedding zoneinfo data; latest version is obtained by Python script

## 2024-01-10, v0.1.12

- add iso-calendar method for Datetime (generates ISOCalendar struct instance)
- add week of year method (non-iso)
- add nth weekday method (generate nth weekday of month)
- add next/previous weekday method (generates Datetime)
- add Month, Weekday and ISOCalendar types
- add docs generate step to build script
- add semantic version to build script

## 2024-01-07, v0.1.11

- restructured datetime and timezone, both files now offer the type (struct) directly
- add tzif parser from the standard lib as a source file
- add epoch constant
- zig_0.12-dev branch: runs with latest dev version - fixes tz abbreviation bug, but excludes zBench since this requires 0.11.0

## 2024-01-03, v0.1.10

- add timezone tests
- use a main-fn in benchmarks and examples
- use Neri-Schneider algorithms for date <--> Unix time
- add method to determine leap seconds offset for given Unix time

## 2024-01-02, v0.1.9

- add day-of-year method
- add day-of-week and iso-day-of-week methods
- tzfile bugfix: correct offset determination for zones that only have one timetype

## 2024-01-02, v0.1.8

- add basic duration arithmetic with datetime
- revise parser and ISO8601 parser
- parse 'Z' to a named offset, UTC
- add parser benchmark

## 2023-12-30, v0.1.7

- parser / DatetimeFields: accept leap second input
- parser: fix bug with incomplete fractional input (< 9 digits)
- add ISO8601 parser

## 2023-12-27, v0.1.6

- add examples (offset time zone, time zone)
- adhere to ziglang naming convention
- revise TZ deinit method, make sure to free tzfile memory

## 2023-12-22, v0.1.5

- revise TZ struct and attachment logic of datetime-->timezone
- add comparison methods for UT and wall time
- add datetime demo

## 2023-12-21, v0.1.4

- add 'now' method
- allow seconds in UTC offset

## 2023-12-21, v0.1.3

- add datetime localization method
- add time zone conversion method
- offset tz: check range

## 2023-12-20, v0.1.2

- datetime from fields with time zone handles ambiguous and non-existent datetime

## 2023-12-18

- add benchmark for calendric functions (r.d. <--> date)

## 2023-12-16, v0.1.1

- some basic time zone calculations working

## 2023-12-10, v0.1.0

- set 0.1.0 tag

## 2023-12-06, no tag

- prepare for restart

## 2023-11-26, v0.0.4

- structural changes, where to put tests etc.
- include zBench via build.zig.zon

## 2023-11-23, v0.0.3

- benchmarks as binary; install-artifact, not test in build script

## 2023-11-02

- integrate zBench from fork

## 2023-10-23

- created
